<?xml version="1.0" encoding="UTF-8"?>
<!-- Generated by org.testng.reporters.JUnitReportReporter -->
<testsuite hostname="PRAVIN" failures="0" tests="2" name="table.com.ExcelReadWrite" time="42.051" errors="0" timestamp="3 Jan 2021 16:26:28 GMT">
  <testcase classname="table.com.ExcelReadWrite" name="signin" time="21.341"/>
  <testcase classname="table.com.ExcelReadWrite" name="launch" time="20.710"/>
</testsuite> <!-- table.com.ExcelReadWrite -->
